<?xml version="1.0" encoding="UTF-8"?>
<testsuite name="com.example.ebayquicksale.ImageUtilsTest" tests="3" skipped="0" failures="0" errors="0" timestamp="2026-03-06T21:56:30" hostname="THOMAS-PC-NEU" time="2.116">
  <properties/>
  <testcase name="resizeBitmap scales down if width exceeds maxSize" classname="com.example.ebayquicksale.ImageUtilsTest" time="2.066"/>
  <testcase name="resizeBitmap scales down if height exceeds maxSize" classname="com.example.ebayquicksale.ImageUtilsTest" time="0.045"/>
  <testcase name="resizeBitmap returns original if smaller than maxSize" classname="com.example.ebayquicksale.ImageUtilsTest" time="0.004"/>
  <system-out><![CDATA[]]></system-out>
  <system-err><![CDATA[WARNING: A Java agent has been loaded dynamically (C:\Users\thoma\.gradle\caches\modules-2\files-2.1\net.bytebuddy\byte-buddy-agent\1.14.6\46e2545d7a97b6ccb195621650c5957279eb4812\byte-buddy-agent-1.14.6.jar)
WARNING: If a serviceability tool is in use, please run with -XX:+EnableDynamicAgentLoading to hide this warning
WARNING: If a serviceability tool is not in use, please run with -Djdk.instrument.traceUsage for more information
WARNING: Dynamic loading of agents will be disallowed by default in a future release
]]></system-err>
</testsuite>
